{"/home/mirananightfall/project/saas-tk-kowan/frontend/src/App.js": {"path":"/home/mirananightfall/project/saas-tk-kowan/frontend/src/App.js","statementMap":{"0":{"start":{"line":11,"column":23},"end":{"line":23,"column":1}},"1":{"start":{"line":12,"column":39},"end":{"line":12,"column":48}},"2":{"start":{"line":14,"column":2},"end":{"line":20,"column":3}},"3":{"start":{"line":15,"column":4},"end":{"line":19,"column":6}},"4":{"start":{"line":22,"column":2},"end":{"line":22,"column":63}},"5":{"start":{"line":26,"column":20},"end":{"line":38,"column":1}},"6":{"start":{"line":27,"column":39},"end":{"line":27,"column":48}},"7":{"start":{"line":29,"column":2},"end":{"line":35,"column":3}},"8":{"start":{"line":30,"column":4},"end":{"line":34,"column":6}},"9":{"start":{"line":37,"column":2},"end":{"line":37,"column":64}},"10":{"start":{"line":41,"column":2},"end":{"line":76,"column":4}}},"fnMap":{"0":{"name":"(anonymous_0)","decl":{"start":{"line":11,"column":23},"end":{"line":11,"column":24}},"loc":{"start":{"line":11,"column":41},"end":{"line":23,"column":1}},"line":11},"1":{"name":"(anonymous_1)","decl":{"start":{"line":26,"column":20},"end":{"line":26,"column":21}},"loc":{"start":{"line":26,"column":38},"end":{"line":38,"column":1}},"line":26},"2":{"name":"App","decl":{"start":{"line":40,"column":9},"end":{"line":40,"column":12}},"loc":{"start":{"line":40,"column":15},"end":{"line":77,"column":1}},"line":40}},"branchMap":{"0":{"loc":{"start":{"line":14,"column":2},"end":{"line":20,"column":3}},"type":"if","locations":[{"start":{"line":14,"column":2},"end":{"line":20,"column":3}},{"start":{},"end":{}}],"line":14},"1":{"loc":{"start":{"line":22,"column":9},"end":{"line":22,"column":62}},"type":"cond-expr","locations":[{"start":{"line":22,"column":27},"end":{"line":22,"column":35}},{"start":{"line":22,"column":38},"end":{"line":22,"column":62}}],"line":22},"2":{"loc":{"start":{"line":29,"column":2},"end":{"line":35,"column":3}},"type":"if","locations":[{"start":{"line":29,"column":2},"end":{"line":35,"column":3}},{"start":{},"end":{}}],"line":29},"3":{"loc":{"start":{"line":37,"column":9},"end":{"line":37,"column":63}},"type":"cond-expr","locations":[{"start":{"line":37,"column":28},"end":{"line":37,"column":36}},{"start":{"line":37,"column":39},"end":{"line":37,"column":63}}],"line":37}},"s":{"0":0,"1":0,"2":0,"3":0,"4":0,"5":0,"6":0,"7":0,"8":0,"9":0,"10":0},"f":{"0":0,"1":0,"2":0},"b":{"0":[0,0],"1":[0,0],"2":[0,0],"3":[0,0]}}
,"/home/mirananightfall/project/saas-tk-kowan/frontend/src/index.js": {"path":"/home/mirananightfall/project/saas-tk-kowan/frontend/src/index.js","statementMap":{"0":{"start":{"line":6,"column":13},"end":{"line":6,"column":65}},"1":{"start":{"line":7,"column":0},"end":{"line":11,"column":2}}},"fnMap":{},"branchMap":{},"s":{"0":0,"1":0},"f":{},"b":{}}
,"/home/mirananightfall/project/saas-tk-kowan/frontend/src/contexts/AuthContext.js": {"path":"/home/mirananightfall/project/saas-tk-kowan/frontend/src/contexts/AuthContext.js","statementMap":{"0":{"start":{"line":4,"column":20},"end":{"line":4,"column":35}},"1":{"start":{"line":6,"column":23},"end":{"line":12,"column":1}},"2":{"start":{"line":7,"column":18},"end":{"line":7,"column":41}},"3":{"start":{"line":8,"column":2},"end":{"line":10,"column":3}},"4":{"start":{"line":9,"column":4},"end":{"line":9,"column":64}},"5":{"start":{"line":11,"column":2},"end":{"line":11,"column":17}},"6":{"start":{"line":14,"column":28},"end":{"line":90,"column":1}},"7":{"start":{"line":15,"column":26},"end":{"line":15,"column":40}},"8":{"start":{"line":16,"column":32},"end":{"line":16,"column":46}},"9":{"start":{"line":17,"column":28},"end":{"line":17,"column":67}},"10":{"start":{"line":19,"column":18},"end":{"line":19,"column":78}},"11":{"start":{"line":21,"column":2},"end":{"line":28,"column":14}},"12":{"start":{"line":22,"column":4},"end":{"line":27,"column":5}},"13":{"start":{"line":23,"column":6},"end":{"line":23,"column":73}},"14":{"start":{"line":24,"column":6},"end":{"line":24,"column":18}},"15":{"start":{"line":26,"column":6},"end":{"line":26,"column":24}},"16":{"start":{"line":30,"column":20},"end":{"line":40,"column":3}},"17":{"start":{"line":31,"column":4},"end":{"line":39,"column":5}},"18":{"start":{"line":32,"column":23},"end":{"line":32,"column":60}},"19":{"start":{"line":33,"column":6},"end":{"line":33,"column":39}},"20":{"start":{"line":35,"column":6},"end":{"line":35,"column":52}},"21":{"start":{"line":36,"column":6},"end":{"line":36,"column":15}},"22":{"start":{"line":38,"column":6},"end":{"line":38,"column":24}},"23":{"start":{"line":42,"column":16},"end":{"line":53,"column":3}},"24":{"start":{"line":43,"column":21},"end":{"line":43,"column":83}},"25":{"start":{"line":44,"column":28},"end":{"line":44,"column":46}},"26":{"start":{"line":46,"column":4},"end":{"line":46,"column":41}},"27":{"start":{"line":47,"column":4},"end":{"line":47,"column":71}},"28":{"start":{"line":49,"column":4},"end":{"line":49,"column":20}},"29":{"start":{"line":50,"column":4},"end":{"line":50,"column":18}},"30":{"start":{"line":52,"column":4},"end":{"line":52,"column":25}},"31":{"start":{"line":55,"column":19},"end":{"line":71,"column":3}},"32":{"start":{"line":56,"column":21},"end":{"line":60,"column":6}},"33":{"start":{"line":62,"column":28},"end":{"line":62,"column":46}},"34":{"start":{"line":64,"column":4},"end":{"line":64,"column":41}},"35":{"start":{"line":65,"column":4},"end":{"line":65,"column":71}},"36":{"start":{"line":67,"column":4},"end":{"line":67,"column":20}},"37":{"start":{"line":68,"column":4},"end":{"line":68,"column":18}},"38":{"start":{"line":70,"column":4},"end":{"line":70,"column":25}},"39":{"start":{"line":73,"column":17},"end":{"line":78,"column":3}},"40":{"start":{"line":74,"column":4},"end":{"line":74,"column":37}},"41":{"start":{"line":75,"column":4},"end":{"line":75,"column":58}},"42":{"start":{"line":76,"column":4},"end":{"line":76,"column":19}},"43":{"start":{"line":77,"column":4},"end":{"line":77,"column":18}},"44":{"start":{"line":80,"column":16},"end":{"line":87,"column":3}},"45":{"start":{"line":89,"column":2},"end":{"line":89,"column":79}}},"fnMap":{"0":{"name":"(anonymous_0)","decl":{"start":{"line":6,"column":23},"end":{"line":6,"column":24}},"loc":{"start":{"line":6,"column":29},"end":{"line":12,"column":1}},"line":6},"1":{"name":"(anonymous_1)","decl":{"start":{"line":14,"column":28},"end":{"line":14,"column":29}},"loc":{"start":{"line":14,"column":46},"end":{"line":90,"column":1}},"line":14},"2":{"name":"(anonymous_2)","decl":{"start":{"line":21,"column":12},"end":{"line":21,"column":13}},"loc":{"start":{"line":21,"column":18},"end":{"line":28,"column":3}},"line":21},"3":{"name":"(anonymous_3)","decl":{"start":{"line":30,"column":20},"end":{"line":30,"column":21}},"loc":{"start":{"line":30,"column":32},"end":{"line":40,"column":3}},"line":30},"4":{"name":"(anonymous_4)","decl":{"start":{"line":42,"column":16},"end":{"line":42,"column":17}},"loc":{"start":{"line":42,"column":43},"end":{"line":53,"column":3}},"line":42},"5":{"name":"(anonymous_5)","decl":{"start":{"line":55,"column":19},"end":{"line":55,"column":20}},"loc":{"start":{"line":55,"column":52},"end":{"line":71,"column":3}},"line":55},"6":{"name":"(anonymous_6)","decl":{"start":{"line":73,"column":17},"end":{"line":73,"column":18}},"loc":{"start":{"line":73,"column":23},"end":{"line":78,"column":3}},"line":73}},"branchMap":{"0":{"loc":{"start":{"line":8,"column":2},"end":{"line":10,"column":3}},"type":"if","locations":[{"start":{"line":8,"column":2},"end":{"line":10,"column":3}},{"start":{},"end":{}}],"line":8},"1":{"loc":{"start":{"line":19,"column":18},"end":{"line":19,"column":78}},"type":"binary-expr","locations":[{"start":{"line":19,"column":18},"end":{"line":19,"column":47}},{"start":{"line":19,"column":51},"end":{"line":19,"column":78}}],"line":19},"2":{"loc":{"start":{"line":22,"column":4},"end":{"line":27,"column":5}},"type":"if","locations":[{"start":{"line":22,"column":4},"end":{"line":27,"column":5}},{"start":{"line":25,"column":11},"end":{"line":27,"column":5}}],"line":22}},"s":{"0":1,"1":1,"2":4,"3":4,"4":0,"5":4,"6":1,"7":4,"8":4,"9":4,"10":4,"11":4,"12":2,"13":0,"14":0,"15":2,"16":4,"17":0,"18":0,"19":0,"20":0,"21":0,"22":0,"23":4,"24":0,"25":0,"26":0,"27":0,"28":0,"29":0,"30":0,"31":4,"32":0,"33":0,"34":0,"35":0,"36":0,"37":0,"38":0,"39":4,"40":0,"41":0,"42":0,"43":0,"44":4,"45":4},"f":{"0":4,"1":4,"2":2,"3":0,"4":0,"5":0,"6":0},"b":{"0":[0,4],"1":[4,0],"2":[0,2]},"_coverageSchema":"1a1c01bbd47fc00a2c39e90264f33305004495a9","hash":"d130d9a34eabf59c8346b2891ae3446d01b8f672"}
,"/home/mirananightfall/project/saas-tk-kowan/frontend/src/pages/Landing.js": {"path":"/home/mirananightfall/project/saas-tk-kowan/frontend/src/pages/Landing.js","statementMap":{"0":{"start":{"line":6,"column":16},"end":{"line":178,"column":1}},"1":{"start":{"line":7,"column":19},"end":{"line":7,"column":32}},"2":{"start":{"line":8,"column":27},"end":{"line":8,"column":36}},"3":{"start":{"line":9,"column":28},"end":{"line":9,"column":78}},"4":{"start":{"line":10,"column":46},"end":{"line":10,"column":61}},"5":{"start":{"line":13,"column":2},"end":{"line":16,"column":14}},"6":{"start":{"line":14,"column":4},"end":{"line":14,"column":63}},"7":{"start":{"line":15,"column":4},"end":{"line":15,"column":41}},"8":{"start":{"line":18,"column":22},"end":{"line":20,"column":3}},"9":{"start":{"line":19,"column":4},"end":{"line":19,"column":68}},"10":{"start":{"line":19,"column":26},"end":{"line":19,"column":66}},"11":{"start":{"line":22,"column":27},"end":{"line":28,"column":3}},"12":{"start":{"line":23,"column":4},"end":{"line":27,"column":5}},"13":{"start":{"line":24,"column":6},"end":{"line":24,"column":25}},"14":{"start":{"line":26,"column":6},"end":{"line":26,"column":30}},"15":{"start":{"line":30,"column":20},"end":{"line":32,"column":3}},"16":{"start":{"line":31,"column":4},"end":{"line":31,"column":23}},"17":{"start":{"line":34,"column":23},"end":{"line":36,"column":3}},"18":{"start":{"line":35,"column":4},"end":{"line":35,"column":26}},"19":{"start":{"line":38,"column":23},"end":{"line":41,"column":3}},"20":{"start":{"line":39,"column":4},"end":{"line":39,"column":13}},"21":{"start":{"line":40,"column":4},"end":{"line":40,"column":18}},"22":{"start":{"line":43,"column":2},"end":{"line":177,"column":4}},"23":{"start":{"line":158,"column":54},"end":{"line":158,"column":78}},"24":{"start":{"line":159,"column":57},"end":{"line":159,"column":76}},"25":{"start":{"line":169,"column":37},"end":{"line":169,"column":61}}},"fnMap":{"0":{"name":"(anonymous_0)","decl":{"start":{"line":6,"column":16},"end":{"line":6,"column":17}},"loc":{"start":{"line":6,"column":22},"end":{"line":178,"column":1}},"line":6},"1":{"name":"(anonymous_1)","decl":{"start":{"line":13,"column":12},"end":{"line":13,"column":13}},"loc":{"start":{"line":13,"column":18},"end":{"line":16,"column":3}},"line":13},"2":{"name":"(anonymous_2)","decl":{"start":{"line":18,"column":22},"end":{"line":18,"column":23}},"loc":{"start":{"line":18,"column":28},"end":{"line":20,"column":3}},"line":18},"3":{"name":"(anonymous_3)","decl":{"start":{"line":19,"column":13},"end":{"line":19,"column":14}},"loc":{"start":{"line":19,"column":26},"end":{"line":19,"column":66}},"line":19},"4":{"name":"(anonymous_4)","decl":{"start":{"line":22,"column":27},"end":{"line":22,"column":28}},"loc":{"start":{"line":22,"column":33},"end":{"line":28,"column":3}},"line":22},"5":{"name":"(anonymous_5)","decl":{"start":{"line":30,"column":20},"end":{"line":30,"column":21}},"loc":{"start":{"line":30,"column":26},"end":{"line":32,"column":3}},"line":30},"6":{"name":"(anonymous_6)","decl":{"start":{"line":34,"column":23},"end":{"line":34,"column":24}},"loc":{"start":{"line":34,"column":29},"end":{"line":36,"column":3}},"line":34},"7":{"name":"(anonymous_7)","decl":{"start":{"line":38,"column":23},"end":{"line":38,"column":24}},"loc":{"start":{"line":38,"column":29},"end":{"line":41,"column":3}},"line":38},"8":{"name":"(anonymous_8)","decl":{"start":{"line":158,"column":48},"end":{"line":158,"column":49}},"loc":{"start":{"line":158,"column":54},"end":{"line":158,"column":78}},"line":158},"9":{"name":"(anonymous_9)","decl":{"start":{"line":159,"column":50},"end":{"line":159,"column":51}},"loc":{"start":{"line":159,"column":57},"end":{"line":159,"column":76}},"line":159},"10":{"name":"(anonymous_10)","decl":{"start":{"line":169,"column":31},"end":{"line":169,"column":32}},"loc":{"start":{"line":169,"column":37},"end":{"line":169,"column":61}},"line":169}},"branchMap":{"0":{"loc":{"start":{"line":9,"column":37},"end":{"line":9,"column":77}},"type":"binary-expr","locations":[{"start":{"line":9,"column":37},"end":{"line":9,"column":66}},{"start":{"line":9,"column":70},"end":{"line":9,"column":77}}],"line":9},"1":{"loc":{"start":{"line":19,"column":26},"end":{"line":19,"column":66}},"type":"cond-expr","locations":[{"start":{"line":19,"column":50},"end":{"line":19,"column":56}},{"start":{"line":19,"column":59},"end":{"line":19,"column":66}}],"line":19},"2":{"loc":{"start":{"line":23,"column":4},"end":{"line":27,"column":5}},"type":"if","locations":[{"start":{"line":23,"column":4},"end":{"line":27,"column":5}},{"start":{"line":25,"column":11},"end":{"line":27,"column":5}}],"line":23},"3":{"loc":{"start":{"line":54,"column":94},"end":{"line":54,"column":130}},"type":"cond-expr","locations":[{"start":{"line":54,"column":114},"end":{"line":54,"column":120}},{"start":{"line":54,"column":123},"end":{"line":54,"column":130}}],"line":54},"4":{"loc":{"start":{"line":55,"column":15},"end":{"line":55,"column":46}},"type":"cond-expr","locations":[{"start":{"line":55,"column":35},"end":{"line":55,"column":39}},{"start":{"line":55,"column":42},"end":{"line":55,"column":46}}],"line":55},"5":{"loc":{"start":{"line":58,"column":13},"end":{"line":65,"column":13}},"type":"binary-expr","locations":[{"start":{"line":58,"column":13},"end":{"line":58,"column":17}},{"start":{"line":59,"column":14},"end":{"line":64,"column":20}}],"line":58},"6":{"loc":{"start":{"line":157,"column":7},"end":{"line":175,"column":7}},"type":"binary-expr","locations":[{"start":{"line":157,"column":7},"end":{"line":157,"column":21}},{"start":{"line":158,"column":8},"end":{"line":174,"column":14}}],"line":157}},"s":{"0":0,"1":0,"2":0,"3":0,"4":0,"5":0,"6":0,"7":0,"8":0,"9":0,"10":0,"11":0,"12":0,"13":0,"14":0,"15":0,"16":0,"17":0,"18":0,"19":0,"20":0,"21":0,"22":0,"23":0,"24":0,"25":0},"f":{"0":0,"1":0,"2":0,"3":0,"4":0,"5":0,"6":0,"7":0,"8":0,"9":0,"10":0},"b":{"0":[0,0],"1":[0,0],"2":[0,0],"3":[0,0],"4":[0,0],"5":[0,0],"6":[0,0]}}
,"/home/mirananightfall/project/saas-tk-kowan/frontend/src/pages/Login.js": {"path":"/home/mirananightfall/project/saas-tk-kowan/frontend/src/pages/Login.js","statementMap":{"0":{"start":{"line":6,"column":14},"end":{"line":72,"column":1}},"1":{"start":{"line":7,"column":28},"end":{"line":7,"column":40}},"2":{"start":{"line":8,"column":34},"end":{"line":8,"column":46}},"3":{"start":{"line":9,"column":28},"end":{"line":9,"column":40}},"4":{"start":{"line":10,"column":32},"end":{"line":10,"column":47}},"5":{"start":{"line":12,"column":20},"end":{"line":12,"column":29}},"6":{"start":{"line":13,"column":19},"end":{"line":13,"column":32}},"7":{"start":{"line":15,"column":23},"end":{"line":28,"column":3}},"8":{"start":{"line":16,"column":4},"end":{"line":16,"column":23}},"9":{"start":{"line":17,"column":4},"end":{"line":17,"column":17}},"10":{"start":{"line":18,"column":4},"end":{"line":18,"column":21}},"11":{"start":{"line":20,"column":4},"end":{"line":27,"column":5}},"12":{"start":{"line":21,"column":6},"end":{"line":21,"column":35}},"13":{"start":{"line":22,"column":6},"end":{"line":22,"column":20}},"14":{"start":{"line":24,"column":6},"end":{"line":24,"column":81}},"15":{"start":{"line":26,"column":6},"end":{"line":26,"column":24}},"16":{"start":{"line":30,"column":2},"end":{"line":71,"column":4}},"17":{"start":{"line":44,"column":31},"end":{"line":44,"column":55}},"18":{"start":{"line":55,"column":31},"end":{"line":55,"column":58}}},"fnMap":{"0":{"name":"(anonymous_0)","decl":{"start":{"line":6,"column":14},"end":{"line":6,"column":15}},"loc":{"start":{"line":6,"column":20},"end":{"line":72,"column":1}},"line":6},"1":{"name":"(anonymous_1)","decl":{"start":{"line":15,"column":23},"end":{"line":15,"column":24}},"loc":{"start":{"line":15,"column":36},"end":{"line":28,"column":3}},"line":15},"2":{"name":"(anonymous_2)","decl":{"start":{"line":44,"column":24},"end":{"line":44,"column":25}},"loc":{"start":{"line":44,"column":31},"end":{"line":44,"column":55}},"line":44},"3":{"name":"(anonymous_3)","decl":{"start":{"line":55,"column":24},"end":{"line":55,"column":25}},"loc":{"start":{"line":55,"column":31},"end":{"line":55,"column":58}},"line":55}},"branchMap":{"0":{"loc":{"start":{"line":24,"column":15},"end":{"line":24,"column":79}},"type":"binary-expr","locations":[{"start":{"line":24,"column":15},"end":{"line":24,"column":42}},{"start":{"line":24,"column":46},"end":{"line":24,"column":79}}],"line":24},"1":{"loc":{"start":{"line":36,"column":9},"end":{"line":36,"column":62}},"type":"binary-expr","locations":[{"start":{"line":36,"column":9},"end":{"line":36,"column":14}},{"start":{"line":36,"column":18},"end":{"line":36,"column":62}}],"line":36},"2":{"loc":{"start":{"line":62,"column":13},"end":{"line":62,"column":50}},"type":"cond-expr","locations":[{"start":{"line":62,"column":23},"end":{"line":62,"column":38}},{"start":{"line":62,"column":41},"end":{"line":62,"column":50}}],"line":62}},"s":{"0":1,"1":4,"2":4,"3":4,"4":4,"5":4,"6":4,"7":4,"8":0,"9":0,"10":0,"11":0,"12":0,"13":0,"14":0,"15":0,"16":4,"17":0,"18":0},"f":{"0":4,"1":0,"2":0,"3":0},"b":{"0":[0,0],"1":[4,0],"2":[0,4]},"_coverageSchema":"1a1c01bbd47fc00a2c39e90264f33305004495a9","hash":"da4157b35ee51a91336bff5e2b8c7c74ca39b909"}
,"/home/mirananightfall/project/saas-tk-kowan/frontend/src/pages/Notes.js": {"path":"/home/mirananightfall/project/saas-tk-kowan/frontend/src/pages/Notes.js","statementMap":{"0":{"start":{"line":7,"column":14},"end":{"line":272,"column":1}},"1":{"start":{"line":8,"column":19},"end":{"line":8,"column":32}},"2":{"start":{"line":9,"column":27},"end":{"line":9,"column":36}},"3":{"start":{"line":10,"column":28},"end":{"line":10,"column":40}},"4":{"start":{"line":11,"column":42},"end":{"line":11,"column":56}},"5":{"start":{"line":12,"column":28},"end":{"line":12,"column":40}},"6":{"start":{"line":13,"column":32},"end":{"line":13,"column":44}},"7":{"start":{"line":14,"column":32},"end":{"line":14,"column":46}},"8":{"start":{"line":15,"column":30},"end":{"line":15,"column":45}},"9":{"start":{"line":16,"column":36},"end":{"line":16,"column":50}},"10":{"start":{"line":17,"column":28},"end":{"line":17,"column":78}},"11":{"start":{"line":18,"column":48},"end":{"line":18,"column":63}},"12":{"start":{"line":19,"column":42},"end":{"line":19,"column":56}},"13":{"start":{"line":21,"column":25},"end":{"line":21,"column":37}},"14":{"start":{"line":24,"column":2},"end":{"line":27,"column":14}},"15":{"start":{"line":25,"column":4},"end":{"line":25,"column":63}},"16":{"start":{"line":26,"column":4},"end":{"line":26,"column":41}},"17":{"start":{"line":29,"column":22},"end":{"line":31,"column":3}},"18":{"start":{"line":30,"column":4},"end":{"line":30,"column":68}},"19":{"start":{"line":30,"column":26},"end":{"line":30,"column":66}},"20":{"start":{"line":33,"column":30},"end":{"line":35,"column":3}},"21":{"start":{"line":34,"column":4},"end":{"line":34,"column":18}},"22":{"start":{"line":37,"column":23},"end":{"line":40,"column":3}},"23":{"start":{"line":38,"column":4},"end":{"line":38,"column":13}},"24":{"start":{"line":39,"column":4},"end":{"line":39,"column":18}},"25":{"start":{"line":43,"column":2},"end":{"line":45,"column":9}},"26":{"start":{"line":44,"column":4},"end":{"line":44,"column":16}},"27":{"start":{"line":47,"column":20},"end":{"line":59,"column":3}},"28":{"start":{"line":48,"column":4},"end":{"line":58,"column":5}},"29":{"start":{"line":49,"column":23},"end":{"line":49,"column":46}},"30":{"start":{"line":50,"column":6},"end":{"line":50,"column":36}},"31":{"start":{"line":51,"column":6},"end":{"line":53,"column":7}},"32":{"start":{"line":52,"column":8},"end":{"line":52,"column":43}},"33":{"start":{"line":55,"column":6},"end":{"line":55,"column":51}},"34":{"start":{"line":57,"column":6},"end":{"line":57,"column":24}},"35":{"start":{"line":61,"column":21},"end":{"line":65,"column":3}},"36":{"start":{"line":62,"column":4},"end":{"line":62,"column":26}},"37":{"start":{"line":63,"column":4},"end":{"line":63,"column":25}},"38":{"start":{"line":64,"column":4},"end":{"line":64,"column":29}},"39":{"start":{"line":67,"column":24},"end":{"line":79,"column":3}},"40":{"start":{"line":68,"column":4},"end":{"line":78,"column":5}},"41":{"start":{"line":69,"column":23},"end":{"line":72,"column":8}},"42":{"start":{"line":73,"column":22},"end":{"line":73,"column":40}},"43":{"start":{"line":74,"column":6},"end":{"line":74,"column":36}},"44":{"start":{"line":75,"column":6},"end":{"line":75,"column":26}},"45":{"start":{"line":77,"column":6},"end":{"line":77,"column":51}},"46":{"start":{"line":81,"column":26},"end":{"line":85,"column":3}},"47":{"start":{"line":82,"column":4},"end":{"line":82,"column":31}},"48":{"start":{"line":82,"column":11},"end":{"line":82,"column":31}},"49":{"start":{"line":83,"column":4},"end":{"line":83,"column":28}},"50":{"start":{"line":84,"column":4},"end":{"line":84,"column":29}},"51":{"start":{"line":87,"column":27},"end":{"line":90,"column":3}},"52":{"start":{"line":88,"column":4},"end":{"line":88,"column":30}},"53":{"start":{"line":89,"column":4},"end":{"line":89,"column":26}},"54":{"start":{"line":92,"column":24},"end":{"line":115,"column":3}},"55":{"start":{"line":93,"column":4},"end":{"line":93,"column":30}},"56":{"start":{"line":93,"column":23},"end":{"line":93,"column":30}},"57":{"start":{"line":95,"column":4},"end":{"line":114,"column":5}},"58":{"start":{"line":96,"column":6},"end":{"line":96,"column":42}},"59":{"start":{"line":97,"column":27},"end":{"line":97,"column":67}},"60":{"start":{"line":97,"column":45},"end":{"line":97,"column":66}},"61":{"start":{"line":98,"column":6},"end":{"line":98,"column":29}},"62":{"start":{"line":100,"column":6},"end":{"line":108,"column":7}},"63":{"start":{"line":101,"column":8},"end":{"line":107,"column":9}},"64":{"start":{"line":102,"column":10},"end":{"line":102,"column":38}},"65":{"start":{"line":104,"column":10},"end":{"line":104,"column":32}},"66":{"start":{"line":105,"column":10},"end":{"line":105,"column":23}},"67":{"start":{"line":106,"column":10},"end":{"line":106,"column":25}},"68":{"start":{"line":110,"column":6},"end":{"line":110,"column":25}},"69":{"start":{"line":112,"column":6},"end":{"line":112,"column":51}},"70":{"start":{"line":113,"column":6},"end":{"line":113,"column":25}},"71":{"start":{"line":117,"column":19},"end":{"line":138,"column":43}},"72":{"start":{"line":118,"column":4},"end":{"line":118,"column":30}},"73":{"start":{"line":118,"column":23},"end":{"line":118,"column":30}},"74":{"start":{"line":120,"column":4},"end":{"line":120,"column":20}},"75":{"start":{"line":121,"column":4},"end":{"line":137,"column":5}},"76":{"start":{"line":122,"column":23},"end":{"line":125,"column":8}},"77":{"start":{"line":128,"column":6},"end":{"line":130,"column":9}},"78":{"start":{"line":129,"column":8},"end":{"line":129,"column":57}},"79":{"start":{"line":132,"column":6},"end":{"line":132,"column":31}},"80":{"start":{"line":134,"column":6},"end":{"line":134,"column":49}},"81":{"start":{"line":136,"column":6},"end":{"line":136,"column":23}},"82":{"start":{"line":141,"column":2},"end":{"line":157,"column":47}},"83":{"start":{"line":142,"column":4},"end":{"line":150,"column":5}},"84":{"start":{"line":143,"column":6},"end":{"line":145,"column":7}},"85":{"start":{"line":144,"column":8},"end":{"line":144,"column":45}},"86":{"start":{"line":147,"column":6},"end":{"line":149,"column":15}},"87":{"start":{"line":148,"column":8},"end":{"line":148,"column":19}},"88":{"start":{"line":152,"column":4},"end":{"line":156,"column":6}},"89":{"start":{"line":153,"column":6},"end":{"line":155,"column":7}},"90":{"start":{"line":154,"column":8},"end":{"line":154,"column":45}},"91":{"start":{"line":159,"column":2},"end":{"line":161,"column":3}},"92":{"start":{"line":160,"column":4},"end":{"line":160,"column":59}},"93":{"start":{"line":163,"column":2},"end":{"line":271,"column":4}},"94":{"start":{"line":185,"column":14},"end":{"line":199,"column":20}},"95":{"start":{"line":188,"column":31},"end":{"line":188,"column":47}},"96":{"start":{"line":194,"column":34},"end":{"line":194,"column":61}},"97":{"start":{"line":220,"column":33},"end":{"line":220,"column":57}},"98":{"start":{"line":235,"column":31},"end":{"line":235,"column":57}},"99":{"start":{"line":251,"column":57},"end":{"line":251,"column":76}}},"fnMap":{"0":{"name":"(anonymous_0)","decl":{"start":{"line":7,"column":14},"end":{"line":7,"column":15}},"loc":{"start":{"line":7,"column":20},"end":{"line":272,"column":1}},"line":7},"1":{"name":"(anonymous_1)","decl":{"start":{"line":24,"column":12},"end":{"line":24,"column":13}},"loc":{"start":{"line":24,"column":18},"end":{"line":27,"column":3}},"line":24},"2":{"name":"(anonymous_2)","decl":{"start":{"line":29,"column":22},"end":{"line":29,"column":23}},"loc":{"start":{"line":29,"column":28},"end":{"line":31,"column":3}},"line":29},"3":{"name":"(anonymous_3)","decl":{"start":{"line":30,"column":13},"end":{"line":30,"column":14}},"loc":{"start":{"line":30,"column":26},"end":{"line":30,"column":66}},"line":30},"4":{"name":"(anonymous_4)","decl":{"start":{"line":33,"column":30},"end":{"line":33,"column":31}},"loc":{"start":{"line":33,"column":36},"end":{"line":35,"column":3}},"line":33},"5":{"name":"(anonymous_5)","decl":{"start":{"line":37,"column":23},"end":{"line":37,"column":24}},"loc":{"start":{"line":37,"column":29},"end":{"line":40,"column":3}},"line":37},"6":{"name":"(anonymous_6)","decl":{"start":{"line":43,"column":12},"end":{"line":43,"column":13}},"loc":{"start":{"line":43,"column":18},"end":{"line":45,"column":3}},"line":43},"7":{"name":"(anonymous_7)","decl":{"start":{"line":47,"column":20},"end":{"line":47,"column":21}},"loc":{"start":{"line":47,"column":32},"end":{"line":59,"column":3}},"line":47},"8":{"name":"(anonymous_8)","decl":{"start":{"line":61,"column":21},"end":{"line":61,"column":22}},"loc":{"start":{"line":61,"column":31},"end":{"line":65,"column":3}},"line":61},"9":{"name":"(anonymous_9)","decl":{"start":{"line":67,"column":24},"end":{"line":67,"column":25}},"loc":{"start":{"line":67,"column":36},"end":{"line":79,"column":3}},"line":67},"10":{"name":"(anonymous_10)","decl":{"start":{"line":81,"column":26},"end":{"line":81,"column":27}},"loc":{"start":{"line":81,"column":41},"end":{"line":85,"column":3}},"line":81},"11":{"name":"(anonymous_11)","decl":{"start":{"line":87,"column":27},"end":{"line":87,"column":28}},"loc":{"start":{"line":87,"column":33},"end":{"line":90,"column":3}},"line":87},"12":{"name":"(anonymous_12)","decl":{"start":{"line":92,"column":24},"end":{"line":92,"column":25}},"loc":{"start":{"line":92,"column":36},"end":{"line":115,"column":3}},"line":92},"13":{"name":"(anonymous_13)","decl":{"start":{"line":97,"column":40},"end":{"line":97,"column":41}},"loc":{"start":{"line":97,"column":45},"end":{"line":97,"column":66}},"line":97},"14":{"name":"(anonymous_14)","decl":{"start":{"line":117,"column":31},"end":{"line":117,"column":32}},"loc":{"start":{"line":117,"column":43},"end":{"line":138,"column":3}},"line":117},"15":{"name":"(anonymous_15)","decl":{"start":{"line":128,"column":25},"end":{"line":128,"column":26}},"loc":{"start":{"line":129,"column":8},"end":{"line":129,"column":57}},"line":129},"16":{"name":"(anonymous_16)","decl":{"start":{"line":141,"column":12},"end":{"line":141,"column":13}},"loc":{"start":{"line":141,"column":18},"end":{"line":157,"column":3}},"line":141},"17":{"name":"(anonymous_17)","decl":{"start":{"line":147,"column":42},"end":{"line":147,"column":43}},"loc":{"start":{"line":147,"column":48},"end":{"line":149,"column":7}},"line":147},"18":{"name":"(anonymous_18)","decl":{"start":{"line":152,"column":11},"end":{"line":152,"column":12}},"loc":{"start":{"line":152,"column":17},"end":{"line":156,"column":5}},"line":152},"19":{"name":"(anonymous_19)","decl":{"start":{"line":184,"column":22},"end":{"line":184,"column":23}},"loc":{"start":{"line":185,"column":14},"end":{"line":199,"column":20}},"line":185},"20":{"name":"(anonymous_20)","decl":{"start":{"line":188,"column":25},"end":{"line":188,"column":26}},"loc":{"start":{"line":188,"column":31},"end":{"line":188,"column":47}},"line":188},"21":{"name":"(anonymous_21)","decl":{"start":{"line":194,"column":27},"end":{"line":194,"column":28}},"loc":{"start":{"line":194,"column":34},"end":{"line":194,"column":61}},"line":194},"22":{"name":"(anonymous_22)","decl":{"start":{"line":220,"column":26},"end":{"line":220,"column":27}},"loc":{"start":{"line":220,"column":33},"end":{"line":220,"column":57}},"line":220},"23":{"name":"(anonymous_23)","decl":{"start":{"line":235,"column":24},"end":{"line":235,"column":25}},"loc":{"start":{"line":235,"column":31},"end":{"line":235,"column":57}},"line":235},"24":{"name":"(anonymous_24)","decl":{"start":{"line":251,"column":50},"end":{"line":251,"column":51}},"loc":{"start":{"line":251,"column":57},"end":{"line":251,"column":76}},"line":251}},"branchMap":{"0":{"loc":{"start":{"line":17,"column":37},"end":{"line":17,"column":77}},"type":"binary-expr","locations":[{"start":{"line":17,"column":37},"end":{"line":17,"column":66}},{"start":{"line":17,"column":70},"end":{"line":17,"column":77}}],"line":17},"1":{"loc":{"start":{"line":30,"column":26},"end":{"line":30,"column":66}},"type":"cond-expr","locations":[{"start":{"line":30,"column":50},"end":{"line":30,"column":56}},{"start":{"line":30,"column":59},"end":{"line":30,"column":66}}],"line":30},"2":{"loc":{"start":{"line":51,"column":6},"end":{"line":53,"column":7}},"type":"if","locations":[{"start":{"line":51,"column":6},"end":{"line":53,"column":7}},{"start":{},"end":{}}],"line":51},"3":{"loc":{"start":{"line":82,"column":4},"end":{"line":82,"column":31}},"type":"if","locations":[{"start":{"line":82,"column":4},"end":{"line":82,"column":31}},{"start":{},"end":{}}],"line":82},"4":{"loc":{"start":{"line":93,"column":4},"end":{"line":93,"column":30}},"type":"if","locations":[{"start":{"line":93,"column":4},"end":{"line":93,"column":30}},{"start":{},"end":{}}],"line":93},"5":{"loc":{"start":{"line":100,"column":6},"end":{"line":108,"column":7}},"type":"if","locations":[{"start":{"line":100,"column":6},"end":{"line":108,"column":7}},{"start":{},"end":{}}],"line":100},"6":{"loc":{"start":{"line":101,"column":8},"end":{"line":107,"column":9}},"type":"if","locations":[{"start":{"line":101,"column":8},"end":{"line":107,"column":9}},{"start":{"line":103,"column":15},"end":{"line":107,"column":9}}],"line":101},"7":{"loc":{"start":{"line":118,"column":4},"end":{"line":118,"column":30}},"type":"if","locations":[{"start":{"line":118,"column":4},"end":{"line":118,"column":30}},{"start":{},"end":{}}],"line":118},"8":{"loc":{"start":{"line":123,"column":15},"end":{"line":123,"column":39}},"type":"binary-expr","locations":[{"start":{"line":123,"column":15},"end":{"line":123,"column":20}},{"start":{"line":123,"column":24},"end":{"line":123,"column":39}}],"line":123},"9":{"loc":{"start":{"line":129,"column":8},"end":{"line":129,"column":57}},"type":"cond-expr","locations":[{"start":{"line":129,"column":35},"end":{"line":129,"column":53}},{"start":{"line":129,"column":56},"end":{"line":129,"column":57}}],"line":129},"10":{"loc":{"start":{"line":142,"column":4},"end":{"line":150,"column":5}},"type":"if","locations":[{"start":{"line":142,"column":4},"end":{"line":150,"column":5}},{"start":{},"end":{}}],"line":142},"11":{"loc":{"start":{"line":142,"column":8},"end":{"line":142,"column":90}},"type":"binary-expr","locations":[{"start":{"line":142,"column":8},"end":{"line":142,"column":20}},{"start":{"line":142,"column":25},"end":{"line":142,"column":53}},{"start":{"line":142,"column":57},"end":{"line":142,"column":89}}],"line":142},"12":{"loc":{"start":{"line":143,"column":6},"end":{"line":145,"column":7}},"type":"if","locations":[{"start":{"line":143,"column":6},"end":{"line":145,"column":7}},{"start":{},"end":{}}],"line":143},"13":{"loc":{"start":{"line":153,"column":6},"end":{"line":155,"column":7}},"type":"if","locations":[{"start":{"line":153,"column":6},"end":{"line":155,"column":7}},{"start":{},"end":{}}],"line":153},"14":{"loc":{"start":{"line":159,"column":2},"end":{"line":161,"column":3}},"type":"if","locations":[{"start":{"line":159,"column":2},"end":{"line":161,"column":3}},{"start":{},"end":{}}],"line":159},"15":{"loc":{"start":{"line":173,"column":87},"end":{"line":173,"column":123}},"type":"cond-expr","locations":[{"start":{"line":173,"column":107},"end":{"line":173,"column":113}},{"start":{"line":173,"column":116},"end":{"line":173,"column":123}}],"line":173},"16":{"loc":{"start":{"line":174,"column":15},"end":{"line":174,"column":46}},"type":"cond-expr","locations":[{"start":{"line":174,"column":35},"end":{"line":174,"column":39}},{"start":{"line":174,"column":42},"end":{"line":174,"column":46}}],"line":174},"17":{"loc":{"start":{"line":181,"column":11},"end":{"line":201,"column":11}},"type":"cond-expr","locations":[{"start":{"line":182,"column":12},"end":{"line":182,"column":70}},{"start":{"line":184,"column":12},"end":{"line":200,"column":14}}],"line":181},"18":{"loc":{"start":{"line":187,"column":40},"end":{"line":187,"column":84}},"type":"cond-expr","locations":[{"start":{"line":187,"column":71},"end":{"line":187,"column":79}},{"start":{"line":187,"column":82},"end":{"line":187,"column":84}}],"line":187},"19":{"loc":{"start":{"line":190,"column":21},"end":{"line":190,"column":50}},"type":"binary-expr","locations":[{"start":{"line":190,"column":21},"end":{"line":190,"column":31}},{"start":{"line":190,"column":35},"end":{"line":190,"column":50}}],"line":190},"20":{"loc":{"start":{"line":191,"column":51},"end":{"line":191,"column":88}},"type":"cond-expr","locations":[{"start":{"line":191,"column":78},"end":{"line":191,"column":83}},{"start":{"line":191,"column":86},"end":{"line":191,"column":88}}],"line":191},"21":{"loc":{"start":{"line":214,"column":9},"end":{"line":245,"column":9}},"type":"cond-expr","locations":[{"start":{"line":215,"column":10},"end":{"line":239,"column":13}},{"start":{"line":241,"column":10},"end":{"line":244,"column":16}}],"line":214},"22":{"loc":{"start":{"line":225,"column":17},"end":{"line":229,"column":24}},"type":"cond-expr","locations":[{"start":{"line":226,"column":18},"end":{"line":226,"column":59}},{"start":{"line":227,"column":20},"end":{"line":229,"column":24}}],"line":225},"23":{"loc":{"start":{"line":227,"column":20},"end":{"line":229,"column":24}},"type":"cond-expr","locations":[{"start":{"line":228,"column":18},"end":{"line":228,"column":87}},{"start":{"line":229,"column":20},"end":{"line":229,"column":24}}],"line":227},"24":{"loc":{"start":{"line":249,"column":7},"end":{"line":269,"column":7}},"type":"binary-expr","locations":[{"start":{"line":249,"column":7},"end":{"line":249,"column":22}},{"start":{"line":250,"column":8},"end":{"line":268,"column":14}}],"line":249}},"s":{"0":0,"1":0,"2":0,"3":0,"4":0,"5":0,"6":0,"7":0,"8":0,"9":0,"10":0,"11":0,"12":0,"13":0,"14":0,"15":0,"16":0,"17":0,"18":0,"19":0,"20":0,"21":0,"22":0,"23":0,"24":0,"25":0,"26":0,"27":0,"28":0,"29":0,"30":0,"31":0,"32":0,"33":0,"34":0,"35":0,"36":0,"37":0,"38":0,"39":0,"40":0,"41":0,"42":0,"43":0,"44":0,"45":0,"46":0,"47":0,"48":0,"49":0,"50":0,"51":0,"52":0,"53":0,"54":0,"55":0,"56":0,"57":0,"58":0,"59":0,"60":0,"61":0,"62":0,"63":0,"64":0,"65":0,"66":0,"67":0,"68":0,"69":0,"70":0,"71":0,"72":0,"73":0,"74":0,"75":0,"76":0,"77":0,"78":0,"79":0,"80":0,"81":0,"82":0,"83":0,"84":0,"85":0,"86":0,"87":0,"88":0,"89":0,"90":0,"91":0,"92":0,"93":0,"94":0,"95":0,"96":0,"97":0,"98":0,"99":0},"f":{"0":0,"1":0,"2":0,"3":0,"4":0,"5":0,"6":0,"7":0,"8":0,"9":0,"10":0,"11":0,"12":0,"13":0,"14":0,"15":0,"16":0,"17":0,"18":0,"19":0,"20":0,"21":0,"22":0,"23":0,"24":0},"b":{"0":[0,0],"1":[0,0],"2":[0,0],"3":[0,0],"4":[0,0],"5":[0,0],"6":[0,0],"7":[0,0],"8":[0,0],"9":[0,0],"10":[0,0],"11":[0,0,0],"12":[0,0],"13":[0,0],"14":[0,0],"15":[0,0],"16":[0,0],"17":[0,0],"18":[0,0],"19":[0,0],"20":[0,0],"21":[0,0],"22":[0,0],"23":[0,0],"24":[0,0]}}
,"/home/mirananightfall/project/saas-tk-kowan/frontend/src/pages/Register.js": {"path":"/home/mirananightfall/project/saas-tk-kowan/frontend/src/pages/Register.js","statementMap":{"0":{"start":{"line":6,"column":17},"end":{"line":85,"column":1}},"1":{"start":{"line":7,"column":26},"end":{"line":7,"column":38}},"2":{"start":{"line":8,"column":28},"end":{"line":8,"column":40}},"3":{"start":{"line":9,"column":34},"end":{"line":9,"column":46}},"4":{"start":{"line":10,"column":28},"end":{"line":10,"column":40}},"5":{"start":{"line":11,"column":32},"end":{"line":11,"column":47}},"6":{"start":{"line":13,"column":23},"end":{"line":13,"column":32}},"7":{"start":{"line":14,"column":19},"end":{"line":14,"column":32}},"8":{"start":{"line":16,"column":23},"end":{"line":29,"column":3}},"9":{"start":{"line":17,"column":4},"end":{"line":17,"column":23}},"10":{"start":{"line":18,"column":4},"end":{"line":18,"column":17}},"11":{"start":{"line":19,"column":4},"end":{"line":19,"column":21}},"12":{"start":{"line":21,"column":4},"end":{"line":28,"column":5}},"13":{"start":{"line":22,"column":6},"end":{"line":22,"column":44}},"14":{"start":{"line":23,"column":6},"end":{"line":23,"column":20}},"15":{"start":{"line":25,"column":6},"end":{"line":25,"column":88}},"16":{"start":{"line":27,"column":6},"end":{"line":27,"column":24}},"17":{"start":{"line":31,"column":2},"end":{"line":84,"column":4}},"18":{"start":{"line":45,"column":31},"end":{"line":45,"column":54}},"19":{"start":{"line":56,"column":31},"end":{"line":56,"column":55}},"20":{"start":{"line":67,"column":31},"end":{"line":67,"column":58}}},"fnMap":{"0":{"name":"(anonymous_0)","decl":{"start":{"line":6,"column":17},"end":{"line":6,"column":18}},"loc":{"start":{"line":6,"column":23},"end":{"line":85,"column":1}},"line":6},"1":{"name":"(anonymous_1)","decl":{"start":{"line":16,"column":23},"end":{"line":16,"column":24}},"loc":{"start":{"line":16,"column":36},"end":{"line":29,"column":3}},"line":16},"2":{"name":"(anonymous_2)","decl":{"start":{"line":45,"column":24},"end":{"line":45,"column":25}},"loc":{"start":{"line":45,"column":31},"end":{"line":45,"column":54}},"line":45},"3":{"name":"(anonymous_3)","decl":{"start":{"line":56,"column":24},"end":{"line":56,"column":25}},"loc":{"start":{"line":56,"column":31},"end":{"line":56,"column":55}},"line":56},"4":{"name":"(anonymous_4)","decl":{"start":{"line":67,"column":24},"end":{"line":67,"column":25}},"loc":{"start":{"line":67,"column":31},"end":{"line":67,"column":58}},"line":67}},"branchMap":{"0":{"loc":{"start":{"line":25,"column":15},"end":{"line":25,"column":86}},"type":"binary-expr","locations":[{"start":{"line":25,"column":15},"end":{"line":25,"column":42}},{"start":{"line":25,"column":46},"end":{"line":25,"column":86}}],"line":25},"1":{"loc":{"start":{"line":37,"column":9},"end":{"line":37,"column":62}},"type":"binary-expr","locations":[{"start":{"line":37,"column":9},"end":{"line":37,"column":14}},{"start":{"line":37,"column":18},"end":{"line":37,"column":62}}],"line":37},"2":{"loc":{"start":{"line":75,"column":13},"end":{"line":75,"column":56}},"type":"cond-expr","locations":[{"start":{"line":75,"column":23},"end":{"line":75,"column":44}},{"start":{"line":75,"column":47},"end":{"line":75,"column":56}}],"line":75}},"s":{"0":0,"1":0,"2":0,"3":0,"4":0,"5":0,"6":0,"7":0,"8":0,"9":0,"10":0,"11":0,"12":0,"13":0,"14":0,"15":0,"16":0,"17":0,"18":0,"19":0,"20":0},"f":{"0":0,"1":0,"2":0,"3":0,"4":0},"b":{"0":[0,0],"1":[0,0],"2":[0,0]}}
,"/home/mirananightfall/project/saas-tk-kowan/frontend/src/services/api.js": {"path":"/home/mirananightfall/project/saas-tk-kowan/frontend/src/services/api.js","statementMap":{"0":{"start":{"line":3,"column":16},"end":{"line":3,"column":76}},"1":{"start":{"line":5,"column":12},"end":{"line":10,"column":2}},"2":{"start":{"line":13,"column":0},"end":{"line":22,"column":2}},"3":{"start":{"line":15,"column":18},"end":{"line":15,"column":47}},"4":{"start":{"line":16,"column":4},"end":{"line":18,"column":5}},"5":{"start":{"line":17,"column":6},"end":{"line":17,"column":55}},"6":{"start":{"line":19,"column":4},"end":{"line":19,"column":18}},"7":{"start":{"line":21,"column":13},"end":{"line":21,"column":34}},"8":{"start":{"line":25,"column":23},"end":{"line":29,"column":1}},"9":{"start":{"line":26,"column":22},"end":{"line":26,"column":54}},"10":{"start":{"line":27,"column":19},"end":{"line":27,"column":48}},"11":{"start":{"line":28,"column":15},"end":{"line":28,"column":34}},"12":{"start":{"line":32,"column":24},"end":{"line":38,"column":1}},"13":{"start":{"line":33,"column":16},"end":{"line":33,"column":33}},"14":{"start":{"line":34,"column":18},"end":{"line":34,"column":41}},"15":{"start":{"line":35,"column":20},"end":{"line":35,"column":44}},"16":{"start":{"line":36,"column":24},"end":{"line":36,"column":53}},"17":{"start":{"line":37,"column":18},"end":{"line":37,"column":44}}},"fnMap":{"0":{"name":"(anonymous_0)","decl":{"start":{"line":14,"column":2},"end":{"line":14,"column":3}},"loc":{"start":{"line":14,"column":14},"end":{"line":20,"column":3}},"line":14},"1":{"name":"(anonymous_1)","decl":{"start":{"line":21,"column":2},"end":{"line":21,"column":3}},"loc":{"start":{"line":21,"column":13},"end":{"line":21,"column":34}},"line":21},"2":{"name":"(anonymous_2)","decl":{"start":{"line":26,"column":12},"end":{"line":26,"column":13}},"loc":{"start":{"line":26,"column":22},"end":{"line":26,"column":54}},"line":26},"3":{"name":"(anonymous_3)","decl":{"start":{"line":27,"column":9},"end":{"line":27,"column":10}},"loc":{"start":{"line":27,"column":19},"end":{"line":27,"column":48}},"line":27},"4":{"name":"(anonymous_4)","decl":{"start":{"line":28,"column":9},"end":{"line":28,"column":10}},"loc":{"start":{"line":28,"column":15},"end":{"line":28,"column":34}},"line":28},"5":{"name":"(anonymous_5)","decl":{"start":{"line":33,"column":10},"end":{"line":33,"column":11}},"loc":{"start":{"line":33,"column":16},"end":{"line":33,"column":33}},"line":33},"6":{"name":"(anonymous_6)","decl":{"start":{"line":34,"column":10},"end":{"line":34,"column":11}},"loc":{"start":{"line":34,"column":18},"end":{"line":34,"column":41}},"line":34},"7":{"name":"(anonymous_7)","decl":{"start":{"line":35,"column":10},"end":{"line":35,"column":11}},"loc":{"start":{"line":35,"column":20},"end":{"line":35,"column":44}},"line":35},"8":{"name":"(anonymous_8)","decl":{"start":{"line":36,"column":10},"end":{"line":36,"column":11}},"loc":{"start":{"line":36,"column":24},"end":{"line":36,"column":53}},"line":36},"9":{"name":"(anonymous_9)","decl":{"start":{"line":37,"column":10},"end":{"line":37,"column":11}},"loc":{"start":{"line":37,"column":18},"end":{"line":37,"column":44}},"line":37}},"branchMap":{"0":{"loc":{"start":{"line":3,"column":16},"end":{"line":3,"column":76}},"type":"binary-expr","locations":[{"start":{"line":3,"column":16},"end":{"line":3,"column":45}},{"start":{"line":3,"column":49},"end":{"line":3,"column":76}}],"line":3},"1":{"loc":{"start":{"line":16,"column":4},"end":{"line":18,"column":5}},"type":"if","locations":[{"start":{"line":16,"column":4},"end":{"line":18,"column":5}},{"start":{},"end":{}}],"line":16}},"s":{"0":0,"1":0,"2":0,"3":0,"4":0,"5":0,"6":0,"7":0,"8":0,"9":0,"10":0,"11":0,"12":0,"13":0,"14":0,"15":0,"16":0,"17":0},"f":{"0":0,"1":0,"2":0,"3":0,"4":0,"5":0,"6":0,"7":0,"8":0,"9":0},"b":{"0":[0,0],"1":[0,0]}}
}
