{"/home/mirananightfall/project/saas-tk-kowan/backend/src/config/database.js": {"path":"/home/mirananightfall/project/saas-tk-kowan/backend/src/config/database.js","statementMap":{"0":{"start":{"line":1,"column":17},"end":{"line":1,"column":30}},"1":{"start":{"line":2,"column":0},"end":{"line":2,"column":27}},"2":{"start":{"line":4,"column":13},"end":{"line":25,"column":1}},"3":{"start":{"line":27,"column":0},"end":{"line":29,"column":3}},"4":{"start":{"line":28,"column":2},"end":{"line":28,"column":49}},"5":{"start":{"line":31,"column":0},"end":{"line":34,"column":3}},"6":{"start":{"line":32,"column":2},"end":{"line":32,"column":51}},"7":{"start":{"line":33,"column":2},"end":{"line":33,"column":19}},"8":{"start":{"line":36,"column":0},"end":{"line":36,"column":22}}},"fnMap":{"0":{"name":"(anonymous_0)","decl":{"start":{"line":27,"column":19},"end":{"line":27,"column":20}},"loc":{"start":{"line":27,"column":25},"end":{"line":29,"column":1}},"line":27},"1":{"name":"(anonymous_1)","decl":{"start":{"line":31,"column":17},"end":{"line":31,"column":18}},"loc":{"start":{"line":31,"column":26},"end":{"line":34,"column":1}},"line":31}},"branchMap":{"0":{"loc":{"start":{"line":5,"column":2},"end":{"line":24,"column":7}},"type":"cond-expr","locations":[{"start":{"line":6,"column":6},"end":{"line":14,"column":7}},{"start":{"line":15,"column":6},"end":{"line":24,"column":7}}],"line":5}},"s":{"0":2,"1":2,"2":2,"3":2,"4":0,"5":2,"6":0,"7":0,"8":2},"f":{"0":0,"1":0},"b":{"0":[2,0]},"_coverageSchema":"1a1c01bbd47fc00a2c39e90264f33305004495a9","hash":"00e892ba5976326e79f7d89214a8077bd3b8c661"}
,"/home/mirananightfall/project/saas-tk-kowan/backend/src/controllers/authController.js": {"path":"/home/mirananightfall/project/saas-tk-kowan/backend/src/controllers/authController.js","statementMap":{"0":{"start":{"line":1,"column":15},"end":{"line":1,"column":34}},"1":{"start":{"line":2,"column":12},"end":{"line":2,"column":35}},"2":{"start":{"line":3,"column":13},"end":{"line":3,"column":42}},"3":{"start":{"line":5,"column":22},"end":{"line":9,"column":1}},"4":{"start":{"line":6,"column":2},"end":{"line":8,"column":5}},"5":{"start":{"line":11,"column":17},"end":{"line":67,"column":1}},"6":{"start":{"line":12,"column":2},"end":{"line":66,"column":3}},"7":{"start":{"line":13,"column":38},"end":{"line":13,"column":46}},"8":{"start":{"line":15,"column":4},"end":{"line":20,"column":5}},"9":{"start":{"line":16,"column":6},"end":{"line":19,"column":9}},"10":{"start":{"line":22,"column":25},"end":{"line":25,"column":5}},"11":{"start":{"line":27,"column":4},"end":{"line":32,"column":5}},"12":{"start":{"line":28,"column":6},"end":{"line":31,"column":9}},"13":{"start":{"line":34,"column":27},"end":{"line":34,"column":58}},"14":{"start":{"line":36,"column":23},"end":{"line":41,"column":5}},"15":{"start":{"line":43,"column":17},"end":{"line":43,"column":35}},"16":{"start":{"line":45,"column":18},"end":{"line":45,"column":40}},"17":{"start":{"line":47,"column":4},"end":{"line":58,"column":7}},"18":{"start":{"line":61,"column":4},"end":{"line":61,"column":44}},"19":{"start":{"line":62,"column":4},"end":{"line":65,"column":7}},"20":{"start":{"line":69,"column":14},"end":{"line":125,"column":1}},"21":{"start":{"line":70,"column":2},"end":{"line":124,"column":3}},"22":{"start":{"line":71,"column":32},"end":{"line":71,"column":40}},"23":{"start":{"line":73,"column":4},"end":{"line":78,"column":5}},"24":{"start":{"line":74,"column":6},"end":{"line":77,"column":9}},"25":{"start":{"line":80,"column":19},"end":{"line":83,"column":5}},"26":{"start":{"line":85,"column":4},"end":{"line":90,"column":5}},"27":{"start":{"line":86,"column":6},"end":{"line":89,"column":9}},"28":{"start":{"line":92,"column":17},"end":{"line":92,"column":31}},"29":{"start":{"line":94,"column":28},"end":{"line":94,"column":73}},"30":{"start":{"line":96,"column":4},"end":{"line":101,"column":5}},"31":{"start":{"line":97,"column":6},"end":{"line":100,"column":9}},"32":{"start":{"line":103,"column":18},"end":{"line":103,"column":40}},"33":{"start":{"line":105,"column":4},"end":{"line":116,"column":7}},"34":{"start":{"line":119,"column":4},"end":{"line":119,"column":41}},"35":{"start":{"line":120,"column":4},"end":{"line":123,"column":7}},"36":{"start":{"line":127,"column":14},"end":{"line":155,"column":1}},"37":{"start":{"line":128,"column":2},"end":{"line":154,"column":3}},"38":{"start":{"line":129,"column":19},"end":{"line":132,"column":5}},"39":{"start":{"line":134,"column":17},"end":{"line":134,"column":31}},"40":{"start":{"line":136,"column":4},"end":{"line":146,"column":7}},"41":{"start":{"line":149,"column":4},"end":{"line":149,"column":41}},"42":{"start":{"line":150,"column":4},"end":{"line":153,"column":7}},"43":{"start":{"line":157,"column":0},"end":{"line":157,"column":44}}},"fnMap":{"0":{"name":"(anonymous_0)","decl":{"start":{"line":5,"column":22},"end":{"line":5,"column":23}},"loc":{"start":{"line":5,"column":34},"end":{"line":9,"column":1}},"line":5},"1":{"name":"(anonymous_1)","decl":{"start":{"line":11,"column":17},"end":{"line":11,"column":18}},"loc":{"start":{"line":11,"column":37},"end":{"line":67,"column":1}},"line":11},"2":{"name":"(anonymous_2)","decl":{"start":{"line":69,"column":14},"end":{"line":69,"column":15}},"loc":{"start":{"line":69,"column":34},"end":{"line":125,"column":1}},"line":69},"3":{"name":"(anonymous_3)","decl":{"start":{"line":127,"column":14},"end":{"line":127,"column":15}},"loc":{"start":{"line":127,"column":34},"end":{"line":155,"column":1}},"line":127}},"branchMap":{"0":{"loc":{"start":{"line":15,"column":4},"end":{"line":20,"column":5}},"type":"if","locations":[{"start":{"line":15,"column":4},"end":{"line":20,"column":5}},{"start":{},"end":{}}],"line":15},"1":{"loc":{"start":{"line":15,"column":8},"end":{"line":15,"column":36}},"type":"binary-expr","locations":[{"start":{"line":15,"column":8},"end":{"line":15,"column":14}},{"start":{"line":15,"column":18},"end":{"line":15,"column":27}},{"start":{"line":15,"column":31},"end":{"line":15,"column":36}}],"line":15},"2":{"loc":{"start":{"line":27,"column":4},"end":{"line":32,"column":5}},"type":"if","locations":[{"start":{"line":27,"column":4},"end":{"line":32,"column":5}},{"start":{},"end":{}}],"line":27},"3":{"loc":{"start":{"line":73,"column":4},"end":{"line":78,"column":5}},"type":"if","locations":[{"start":{"line":73,"column":4},"end":{"line":78,"column":5}},{"start":{},"end":{}}],"line":73},"4":{"loc":{"start":{"line":73,"column":8},"end":{"line":73,"column":27}},"type":"binary-expr","locations":[{"start":{"line":73,"column":8},"end":{"line":73,"column":14}},{"start":{"line":73,"column":18},"end":{"line":73,"column":27}}],"line":73},"5":{"loc":{"start":{"line":85,"column":4},"end":{"line":90,"column":5}},"type":"if","locations":[{"start":{"line":85,"column":4},"end":{"line":90,"column":5}},{"start":{},"end":{}}],"line":85},"6":{"loc":{"start":{"line":96,"column":4},"end":{"line":101,"column":5}},"type":"if","locations":[{"start":{"line":96,"column":4},"end":{"line":101,"column":5}},{"start":{},"end":{}}],"line":96}},"s":{"0":1,"1":1,"2":1,"3":1,"4":2,"5":1,"6":4,"7":4,"8":4,"9":1,"10":3,"11":2,"12":1,"13":1,"14":1,"15":1,"16":1,"17":1,"18":1,"19":1,"20":1,"21":4,"22":4,"23":4,"24":1,"25":3,"26":3,"27":1,"28":2,"29":2,"30":2,"31":1,"32":1,"33":1,"34":0,"35":0,"36":1,"37":1,"38":1,"39":1,"40":1,"41":0,"42":0,"43":1},"f":{"0":2,"1":4,"2":4,"3":1},"b":{"0":[1,3],"1":[4,4,3],"2":[1,1],"3":[1,3],"4":[4,4],"5":[1,2],"6":[1,1]},"_coverageSchema":"1a1c01bbd47fc00a2c39e90264f33305004495a9","hash":"86f4467b101c31c77aa60fdb65d44d2d6030792f"}
,"/home/mirananightfall/project/saas-tk-kowan/backend/src/controllers/noteController.js": {"path":"/home/mirananightfall/project/saas-tk-kowan/backend/src/controllers/noteController.js","statementMap":{"0":{"start":{"line":1,"column":13},"end":{"line":1,"column":42}},"1":{"start":{"line":3,"column":0},"end":{"line":20,"column":2}},"2":{"start":{"line":4,"column":2},"end":{"line":19,"column":3}},"3":{"start":{"line":5,"column":19},"end":{"line":5,"column":30}},"4":{"start":{"line":7,"column":19},"end":{"line":10,"column":5}},"5":{"start":{"line":12,"column":4},"end":{"line":15,"column":7}},"6":{"start":{"line":17,"column":4},"end":{"line":17,"column":45}},"7":{"start":{"line":18,"column":4},"end":{"line":18,"column":70}},"8":{"start":{"line":22,"column":0},"end":{"line":44,"column":2}},"9":{"start":{"line":23,"column":2},"end":{"line":43,"column":3}},"10":{"start":{"line":24,"column":19},"end":{"line":24,"column":30}},"11":{"start":{"line":25,"column":19},"end":{"line":25,"column":32}},"12":{"start":{"line":27,"column":19},"end":{"line":30,"column":5}},"13":{"start":{"line":32,"column":4},"end":{"line":34,"column":5}},"14":{"start":{"line":33,"column":6},"end":{"line":33,"column":81}},"15":{"start":{"line":36,"column":4},"end":{"line":39,"column":7}},"16":{"start":{"line":41,"column":4},"end":{"line":41,"column":44}},"17":{"start":{"line":42,"column":4},"end":{"line":42,"column":70}},"18":{"start":{"line":46,"column":0},"end":{"line":64,"column":2}},"19":{"start":{"line":47,"column":2},"end":{"line":63,"column":3}},"20":{"start":{"line":48,"column":19},"end":{"line":48,"column":30}},"21":{"start":{"line":49,"column":31},"end":{"line":49,"column":39}},"22":{"start":{"line":51,"column":19},"end":{"line":54,"column":5}},"23":{"start":{"line":56,"column":4},"end":{"line":59,"column":7}},"24":{"start":{"line":61,"column":4},"end":{"line":61,"column":47}},"25":{"start":{"line":62,"column":4},"end":{"line":62,"column":70}},"26":{"start":{"line":66,"column":0},"end":{"line":89,"column":2}},"27":{"start":{"line":67,"column":2},"end":{"line":88,"column":3}},"28":{"start":{"line":68,"column":19},"end":{"line":68,"column":30}},"29":{"start":{"line":69,"column":19},"end":{"line":69,"column":32}},"30":{"start":{"line":70,"column":31},"end":{"line":70,"column":39}},"31":{"start":{"line":72,"column":19},"end":{"line":75,"column":5}},"32":{"start":{"line":77,"column":4},"end":{"line":79,"column":5}},"33":{"start":{"line":78,"column":6},"end":{"line":78,"column":81}},"34":{"start":{"line":81,"column":4},"end":{"line":84,"column":7}},"35":{"start":{"line":86,"column":4},"end":{"line":86,"column":47}},"36":{"start":{"line":87,"column":4},"end":{"line":87,"column":70}},"37":{"start":{"line":91,"column":0},"end":{"line":113,"column":2}},"38":{"start":{"line":92,"column":2},"end":{"line":112,"column":3}},"39":{"start":{"line":93,"column":19},"end":{"line":93,"column":30}},"40":{"start":{"line":94,"column":19},"end":{"line":94,"column":32}},"41":{"start":{"line":96,"column":19},"end":{"line":99,"column":5}},"42":{"start":{"line":101,"column":4},"end":{"line":103,"column":5}},"43":{"start":{"line":102,"column":6},"end":{"line":102,"column":81}},"44":{"start":{"line":105,"column":4},"end":{"line":108,"column":7}},"45":{"start":{"line":110,"column":4},"end":{"line":110,"column":47}},"46":{"start":{"line":111,"column":4},"end":{"line":111,"column":70}}},"fnMap":{"0":{"name":"(anonymous_0)","decl":{"start":{"line":3,"column":19},"end":{"line":3,"column":20}},"loc":{"start":{"line":3,"column":39},"end":{"line":20,"column":1}},"line":3},"1":{"name":"(anonymous_1)","decl":{"start":{"line":22,"column":18},"end":{"line":22,"column":19}},"loc":{"start":{"line":22,"column":38},"end":{"line":44,"column":1}},"line":22},"2":{"name":"(anonymous_2)","decl":{"start":{"line":46,"column":21},"end":{"line":46,"column":22}},"loc":{"start":{"line":46,"column":41},"end":{"line":64,"column":1}},"line":46},"3":{"name":"(anonymous_3)","decl":{"start":{"line":66,"column":21},"end":{"line":66,"column":22}},"loc":{"start":{"line":66,"column":41},"end":{"line":89,"column":1}},"line":66},"4":{"name":"(anonymous_4)","decl":{"start":{"line":91,"column":21},"end":{"line":91,"column":22}},"loc":{"start":{"line":91,"column":41},"end":{"line":113,"column":1}},"line":91}},"branchMap":{"0":{"loc":{"start":{"line":32,"column":4},"end":{"line":34,"column":5}},"type":"if","locations":[{"start":{"line":32,"column":4},"end":{"line":34,"column":5}},{"start":{},"end":{}}],"line":32},"1":{"loc":{"start":{"line":53,"column":15},"end":{"line":53,"column":39}},"type":"binary-expr","locations":[{"start":{"line":53,"column":15},"end":{"line":53,"column":20}},{"start":{"line":53,"column":24},"end":{"line":53,"column":39}}],"line":53},"2":{"loc":{"start":{"line":53,"column":41},"end":{"line":53,"column":54}},"type":"binary-expr","locations":[{"start":{"line":53,"column":41},"end":{"line":53,"column":48}},{"start":{"line":53,"column":52},"end":{"line":53,"column":54}}],"line":53},"3":{"loc":{"start":{"line":77,"column":4},"end":{"line":79,"column":5}},"type":"if","locations":[{"start":{"line":77,"column":4},"end":{"line":79,"column":5}},{"start":{},"end":{}}],"line":77},"4":{"loc":{"start":{"line":101,"column":4},"end":{"line":103,"column":5}},"type":"if","locations":[{"start":{"line":101,"column":4},"end":{"line":103,"column":5}},{"start":{},"end":{}}],"line":101}},"s":{"0":1,"1":1,"2":2,"3":2,"4":2,"5":1,"6":1,"7":1,"8":1,"9":2,"10":2,"11":2,"12":2,"13":2,"14":1,"15":1,"16":0,"17":0,"18":1,"19":2,"20":2,"21":2,"22":2,"23":2,"24":0,"25":0,"26":1,"27":2,"28":2,"29":2,"30":2,"31":2,"32":2,"33":1,"34":1,"35":0,"36":0,"37":1,"38":2,"39":2,"40":2,"41":2,"42":2,"43":1,"44":1,"45":0,"46":0},"f":{"0":2,"1":2,"2":2,"3":2,"4":2},"b":{"0":[1,1],"1":[2,1],"2":[2,0],"3":[1,1],"4":[1,1]},"_coverageSchema":"1a1c01bbd47fc00a2c39e90264f33305004495a9","hash":"0a0b8e1646dfd99770ff64d86213d22bd3ee9a70"}
,"/home/mirananightfall/project/saas-tk-kowan/backend/src/middleware/auth.js": {"path":"/home/mirananightfall/project/saas-tk-kowan/backend/src/middleware/auth.js","statementMap":{"0":{"start":{"line":1,"column":12},"end":{"line":1,"column":35}},"1":{"start":{"line":2,"column":13},"end":{"line":2,"column":42}},"2":{"start":{"line":4,"column":21},"end":{"line":54,"column":1}},"3":{"start":{"line":5,"column":2},"end":{"line":53,"column":3}},"4":{"start":{"line":7,"column":18},"end":{"line":7,"column":69}},"5":{"start":{"line":9,"column":4},"end":{"line":14,"column":5}},"6":{"start":{"line":10,"column":6},"end":{"line":13,"column":9}},"7":{"start":{"line":17,"column":20},"end":{"line":17,"column":61}},"8":{"start":{"line":20,"column":19},"end":{"line":23,"column":5}},"9":{"start":{"line":25,"column":4},"end":{"line":30,"column":5}},"10":{"start":{"line":26,"column":6},"end":{"line":29,"column":9}},"11":{"start":{"line":33,"column":4},"end":{"line":33,"column":30}},"12":{"start":{"line":35,"column":4},"end":{"line":35,"column":11}},"13":{"start":{"line":37,"column":4},"end":{"line":42,"column":5}},"14":{"start":{"line":38,"column":6},"end":{"line":41,"column":9}},"15":{"start":{"line":43,"column":4},"end":{"line":48,"column":5}},"16":{"start":{"line":44,"column":6},"end":{"line":47,"column":9}},"17":{"start":{"line":49,"column":4},"end":{"line":52,"column":7}},"18":{"start":{"line":56,"column":0},"end":{"line":56,"column":30}}},"fnMap":{"0":{"name":"(anonymous_0)","decl":{"start":{"line":4,"column":21},"end":{"line":4,"column":22}},"loc":{"start":{"line":4,"column":47},"end":{"line":54,"column":1}},"line":4}},"branchMap":{"0":{"loc":{"start":{"line":9,"column":4},"end":{"line":14,"column":5}},"type":"if","locations":[{"start":{"line":9,"column":4},"end":{"line":14,"column":5}},{"start":{},"end":{}}],"line":9},"1":{"loc":{"start":{"line":25,"column":4},"end":{"line":30,"column":5}},"type":"if","locations":[{"start":{"line":25,"column":4},"end":{"line":30,"column":5}},{"start":{},"end":{}}],"line":25},"2":{"loc":{"start":{"line":37,"column":4},"end":{"line":42,"column":5}},"type":"if","locations":[{"start":{"line":37,"column":4},"end":{"line":42,"column":5}},{"start":{},"end":{}}],"line":37},"3":{"loc":{"start":{"line":43,"column":4},"end":{"line":48,"column":5}},"type":"if","locations":[{"start":{"line":43,"column":4},"end":{"line":48,"column":5}},{"start":{},"end":{}}],"line":43}},"s":{"0":2,"1":2,"2":2,"3":0,"4":0,"5":0,"6":0,"7":0,"8":0,"9":0,"10":0,"11":0,"12":0,"13":0,"14":0,"15":0,"16":0,"17":0,"18":2},"f":{"0":0},"b":{"0":[0,0],"1":[0,0],"2":[0,0],"3":[0,0]},"_coverageSchema":"1a1c01bbd47fc00a2c39e90264f33305004495a9","hash":"a48a527e58449cd5ef33ac0cc9d5922295256293"}
,"/home/mirananightfall/project/saas-tk-kowan/backend/src/routes/auth.js": {"path":"/home/mirananightfall/project/saas-tk-kowan/backend/src/routes/auth.js","statementMap":{"0":{"start":{"line":1,"column":16},"end":{"line":1,"column":34}},"1":{"start":{"line":2,"column":15},"end":{"line":2,"column":31}},"2":{"start":{"line":3,"column":35},"end":{"line":3,"column":75}},"3":{"start":{"line":4,"column":21},"end":{"line":4,"column":50}},"4":{"start":{"line":6,"column":0},"end":{"line":6,"column":35}},"5":{"start":{"line":7,"column":0},"end":{"line":7,"column":29}},"6":{"start":{"line":8,"column":0},"end":{"line":8,"column":39}},"7":{"start":{"line":10,"column":0},"end":{"line":10,"column":24}}},"fnMap":{},"branchMap":{},"s":{"0":0,"1":0,"2":0,"3":0,"4":0,"5":0,"6":0,"7":0},"f":{},"b":{}}
,"/home/mirananightfall/project/saas-tk-kowan/backend/src/routes/notes.js": {"path":"/home/mirananightfall/project/saas-tk-kowan/backend/src/routes/notes.js","statementMap":{"0":{"start":{"line":1,"column":16},"end":{"line":1,"column":34}},"1":{"start":{"line":2,"column":15},"end":{"line":2,"column":31}},"2":{"start":{"line":3,"column":23},"end":{"line":3,"column":63}},"3":{"start":{"line":4,"column":21},"end":{"line":4,"column":50}},"4":{"start":{"line":7,"column":0},"end":{"line":7,"column":25}},"5":{"start":{"line":10,"column":0},"end":{"line":10,"column":41}},"6":{"start":{"line":13,"column":0},"end":{"line":13,"column":43}},"7":{"start":{"line":16,"column":0},"end":{"line":16,"column":44}},"8":{"start":{"line":19,"column":0},"end":{"line":19,"column":46}},"9":{"start":{"line":22,"column":0},"end":{"line":22,"column":49}},"10":{"start":{"line":24,"column":0},"end":{"line":24,"column":24}}},"fnMap":{},"branchMap":{},"s":{"0":0,"1":0,"2":0,"3":0,"4":0,"5":0,"6":0,"7":0,"8":0,"9":0,"10":0},"f":{},"b":{}}
}
