TN:
SF:src/config/database.js
FN:27,(anonymous_0)
FN:31,(anonymous_1)
FNF:2
FNH:0
FNDA:0,(anonymous_0)
FNDA:0,(anonymous_1)
DA:1,2
DA:2,2
DA:4,2
DA:27,2
DA:28,0
DA:31,2
DA:32,0
DA:33,0
DA:36,2
LF:9
LH:6
BRDA:5,0,0,2
BRDA:5,0,1,0
BRF:2
BRH:1
end_of_record
TN:
SF:src/controllers/authController.js
FN:5,(anonymous_0)
FN:11,(anonymous_1)
FN:69,(anonymous_2)
FN:127,(anonymous_3)
FNF:4
FNH:4
FNDA:2,(anonymous_0)
FNDA:4,(anonymous_1)
FNDA:4,(anonymous_2)
FNDA:1,(anonymous_3)
DA:1,1
DA:2,1
DA:3,1
DA:5,1
DA:6,2
DA:11,1
DA:12,4
DA:13,4
DA:15,4
DA:16,1
DA:22,3
DA:27,2
DA:28,1
DA:34,1
DA:36,1
DA:43,1
DA:45,1
DA:47,1
DA:61,1
DA:62,1
DA:69,1
DA:70,4
DA:71,4
DA:73,4
DA:74,1
DA:80,3
DA:85,3
DA:86,1
DA:92,2
DA:94,2
DA:96,2
DA:97,1
DA:103,1
DA:105,1
DA:119,0
DA:120,0
DA:127,1
DA:128,1
DA:129,1
DA:134,1
DA:136,1
DA:149,0
DA:150,0
DA:157,1
LF:44
LH:40
BRDA:15,0,0,1
BRDA:15,0,1,3
BRDA:15,1,0,4
BRDA:15,1,1,4
BRDA:15,1,2,3
BRDA:27,2,0,1
BRDA:27,2,1,1
BRDA:73,3,0,1
BRDA:73,3,1,3
BRDA:73,4,0,4
BRDA:73,4,1,4
BRDA:85,5,0,1
BRDA:85,5,1,2
BRDA:96,6,0,1
BRDA:96,6,1,1
BRF:15
BRH:15
end_of_record
TN:
SF:src/controllers/noteController.js
FN:3,(anonymous_0)
FN:22,(anonymous_1)
FN:46,(anonymous_2)
FN:66,(anonymous_3)
FN:91,(anonymous_4)
FNF:5
FNH:5
FNDA:2,(anonymous_0)
FNDA:2,(anonymous_1)
FNDA:2,(anonymous_2)
FNDA:2,(anonymous_3)
FNDA:2,(anonymous_4)
DA:1,1
DA:3,1
DA:4,2
DA:5,2
DA:7,2
DA:12,1
DA:17,1
DA:18,1
DA:22,1
DA:23,2
DA:24,2
DA:25,2
DA:27,2
DA:32,2
DA:33,1
DA:36,1
DA:41,0
DA:42,0
DA:46,1
DA:47,2
DA:48,2
DA:49,2
DA:51,2
DA:56,2
DA:61,0
DA:62,0
DA:66,1
DA:67,2
DA:68,2
DA:69,2
DA:70,2
DA:72,2
DA:77,2
DA:78,1
DA:81,1
DA:86,0
DA:87,0
DA:91,1
DA:92,2
DA:93,2
DA:94,2
DA:96,2
DA:101,2
DA:102,1
DA:105,1
DA:110,0
DA:111,0
LF:47
LH:39
BRDA:32,0,0,1
BRDA:32,0,1,1
BRDA:53,1,0,2
BRDA:53,1,1,1
BRDA:53,2,0,2
BRDA:53,2,1,0
BRDA:77,3,0,1
BRDA:77,3,1,1
BRDA:101,4,0,1
BRDA:101,4,1,1
BRF:10
BRH:9
end_of_record
TN:
SF:src/middleware/auth.js
FN:4,(anonymous_0)
FNF:1
FNH:0
FNDA:0,(anonymous_0)
DA:1,2
DA:2,2
DA:4,2
DA:5,0
DA:7,0
DA:9,0
DA:10,0
DA:17,0
DA:20,0
DA:25,0
DA:26,0
DA:33,0
DA:35,0
DA:37,0
DA:38,0
DA:43,0
DA:44,0
DA:49,0
DA:56,2
LF:19
LH:4
BRDA:9,0,0,0
BRDA:9,0,1,0
BRDA:25,1,0,0
BRDA:25,1,1,0
BRDA:37,2,0,0
BRDA:37,2,1,0
BRDA:43,3,0,0
BRDA:43,3,1,0
BRF:8
BRH:0
end_of_record
TN:
SF:src/routes/auth.js
FNF:0
FNH:0
DA:1,0
DA:2,0
DA:3,0
DA:4,0
DA:6,0
DA:7,0
DA:8,0
DA:10,0
LF:8
LH:0
BRF:0
BRH:0
end_of_record
TN:
SF:src/routes/notes.js
FNF:0
FNH:0
DA:1,0
DA:2,0
DA:3,0
DA:4,0
DA:7,0
DA:10,0
DA:13,0
DA:16,0
DA:19,0
DA:22,0
DA:24,0
LF:11
LH:0
BRF:0
BRH:0
end_of_record
